O Duo esta feliz com a SJr!
O Duo esta feliz com a SJr!
Dua e Simon querem ficar juntos na SJr!!
O Simon esta feliz com a SJr!
Fala, Coruja!
O Simon esta feliz com a SJr!
Fala, Coruja!
O Duo esta feliz com a SJr!
Dua e Simon querem ficar juntos na SJr!!
Fala, Coruja!
Dua e Simon querem ficar juntos na SJr!!
Fala, Coruja!
O Duo esta feliz com a SJr!
O Simon esta feliz com a SJr!
O Simon esta feliz com a SJr!
O Duo esta feliz com a SJr!
Dua e Simon querem ficar juntos na SJr!!
O Duo esta feliz com a SJr!
Fala, Coruja!
O Duo esta feliz com a SJr!
O Duo esta feliz com a SJr!
Fala, Coruja!
O Duo esta feliz com a SJr!
O Duo esta feliz com a SJr!
O Duo esta feliz com a SJr!
Fala, Coruja!
Fala, Coruja!
O Duo esta feliz com a SJr!
Fala, Coruja!
O Duo esta feliz com a SJr!
Fala, Coruja!
O Simon esta feliz com a SJr!
O Duo esta feliz com a SJr!
Fala, Coruja!
O Duo esta feliz com a SJr!
O Duo esta feliz com a SJr!
Fala, Coruja!
Fala, Coruja!
O Duo esta feliz com a SJr!
Fala, Coruja!
O Duo esta feliz com a SJr!
Fala, Coruja!
Fala, Coruja!
O Duo esta feliz com a SJr!
Fala, Coruja!
O Simon esta feliz com a SJr!
Fala, Coruja!
Fala, Coruja!
O Simon esta feliz com a SJr!
Fala, Coruja!
O Duo esta feliz com a SJr!
Fala, Coruja!
Fala, Coruja!
O Duo esta feliz com a SJr!
Fala, Coruja!
O Duo esta feliz com a SJr!
Fala, Coruja!
Fala, Coruja!
O Duo esta feliz com a SJr!
Fala, Coruja!
O Duo esta feliz com a SJr!
O Simon esta feliz com a SJr!
O Simon esta feliz com a SJr!
O Duo esta feliz com a SJr!
Dua e Simon querem ficar juntos na SJr!!
O Duo esta feliz com a SJr!
Fala, Coruja!
O Duo esta feliz com a SJr!
O Duo esta feliz com a SJr!
Fala, Coruja!
O Duo esta feliz com a SJr!
O Duo esta feliz com a SJr!
O Duo esta feliz com a SJr!
Fala, Coruja!
Fala, Coruja!
O Duo esta feliz com a SJr!
Fala, Coruja!
O Duo esta feliz com a SJr!
Fala, Coruja!
O Simon esta feliz com a SJr!
O Duo esta feliz com a SJr!
Fala, Coruja!
O Duo esta feliz com a SJr!
O Duo esta feliz com a SJr!
Fala, Coruja!
Fala, Coruja