31 62 32
8 56 63
8 23 30
8 19 12
31 62 32
8 56 63
8 23 30
8 19 12
31 62 32
8 56 63
8 23 30
8 19 12
31 62 32
8 56 63
8 23 30
8 19 12
12 10 16
31 4 31
13 20 11
16 31 18
11 31 25
6 54 53
8 42 45
43 9 45
20 20 29
37 16 30
24 32 21
42 35 15
24 26 31
50 35 22
54 65 16
13 53 48
61 39 27
26 33 27
33 22 37
30 48 31
22 40 48
60 36 33
43 26 40
19 55 55
43 26 40
19 55 55
30 39 61
32 51 33
43 29 64
49 43 24
36 32 38
24 56 46
35 67 41
31 44 67
35 67 41
31 44 67
43 28 59
52 24 64
27 48 51
31 64 45
57 33 40
67 66 22
67 52 29
21 69 70
64 62 25
52 30 64
38 50 45
57 32 52
31 52 61
38 44 60
36 59 47
58 33 55
68 33 55
62 47 40
70 41 48
51 44 48
69 42 50
58 41 54
62 65 36
66 43 51
47 61 53
44 65 56
52 66 52
58 62 51
46 65 61
68 68 58
66 64 70
