15 40 26
31 11 21
15 30 16
27 44 18
15 40 26
31 11 21
15 30 16
27 44 18
15 40 26
31 11 21
15 30 16
27 44 18
15 40 26
31 11 21
15 30 16
27 44 18
22 24 7
4 51 50
35 9 29
13 34 23
10 24 23
5 62 60
15 30 19
14 31 21
19 23 15
25 15 22
38 10 39
51 25 29
36 28 14
51 25 29
36 28 14
12 50 60
10 43 39
50 50 8
54 56 9
39 37 13
15 33 39
50 18 65
25 23 24
25 33 20
28 22 24
19 38 30
67 67 8
39 21 55
42 23 27
30 28 54
48 40 16
13 48 49
47 25 33
27 35 28
58 35 30
37 24 51
48 28 32
22 44 40
39 27 54
26 44 40
38 30 40
31 41 36
37 51 33
49 44 27
61 50 26
46 39 34
49 27 56
56 33 41
54 39 35
45 63 32
49 66 32
58 25 61
66 59 26
35 43 48
66 59 26
35 43 48
51 32 51
38 61 43
48 36 54
62 42 47
36 56 65
48 46 52
45 48 55
65 55 38
59 41 63
65 37 66
49 55 61
43 61 69
64 59 45
61 47 69
68 45 63
52 54 68
47 70 66
56 55 67
65 56 64
65 64 66
