50 59 10
51 11 41
16 42 57
66 69 4
50 59 10
51 11 41
16 42 57
66 69 4
50 59 10
51 11 41
16 42 57
66 69 4
50 59 10
51 11 41
16 42 57
66 69 4
29 28 7
30 13 23
55 7 60
30 13 23
55 7 60
24 31 14
34 40 11
12 52 43
17 21 21
37 26 15
19 29 19
27 26 16
14 36 43
10 51 47
21 25 24
29 23 48
31 29 19
30 18 40
20 32 26
23 33 24
59 54 11
23 33 24
59 54 11
26 22 36
18 40 34
27 32 23
18 40 34
27 32 23
18 39 35
12 59 59
69 62 14
30 32 55
38 29 63
30 32 55
38 29 63
28 68 44
23 65 49
40 24 52
34 54 33
52 24 67
53 21 61
40 56 29
41 65 33
66 28 49
66 20 63
67 70 19
65 24 55
49 68 32
57 27 67
32 50 52
41 55 41
44 42 65
49 36 63
66 32 59
56 48 43
54 39 53
63 38 53
70 64 33
66 52 41
63 34 63
35 68 62
53 43 57
44 50 69
44 54 63
69 46 51
60 61 49
