50 16 65
29 26 54
5 60 56
42 19 24
50 16 65
29 26 54
5 60 56
42 19 24
50 16 65
29 26 54
5 60 56
42 19 24
50 16 65
29 26 54
5 60 56
42 19 24
7 7 7
19 9 13
6 16 20
19 9 13
6 16 20
31 26 10
6 51 55
30 24 13
29 47 20
43 54 14
24 19 20
55 58 7
35 15 29
23 18 27
27 19 22
17 34 28
21 27 24
50 13 59
32 24 51
28 51 27
38 49 17
57 10 57
16 44 53
35 17 34
57 10 57
16 44 53
35 17 34
57 10 57
16 44 53
35 17 34
51 16 63
24 27 29
26 29 25
40 42 17
34 59 29
62 53 15
36 24 54
22 69 52
34 23 35
30 31 30
47 29 28
29 44 68
27 53 35
40 21 46
63 64 13
52 21 66
20 47 59
55 18 50
20 47 59
55 18 50
61 29 38
47 20 56
42 28 30
50 41 21
36 62 33
64 55 20
58 64 18
39 27 52
29 41 40
40 30 55
46 35 33
25 54 47
26 50 61
64 50 26
33 39 53
44 36 36
37 36 59
62 54 24
55 38 35
49 31 47
60 43 33
30 53 70
58 43 33
26 63 55
53 27 62
26 63 55
53 27 62
43 44 38
30 67 51
60 47 33
50 33 51
57 63 28
53 34 56
31 64 58
64 54 32
35 59 50
45 46 45
50 46 45
40 68 49
60 62 33
70 36 54
32 68 60
35 66 55
44 60 44
47 51 47
45 52 49
32 70 68
60 64 39
69 37 60
55 58 46
41 60 61
65 40 65
64 46 63
70 64 47
57 57 61
63 69 50
58 57 67
64 62 60
