55 57 3
3 42 42
22 29 10
37 33 7
34 28 9
10 30 24
12 38 28
41 33 10
48 52 7
40 28 14
10 39 34
32 14 44
57 8 51
23 25 46
10 34 32
29 21 48
21 41 25
65 56 12
9 47 44
31 14 32
24 37 58
13 39 34
9 48 49
13 39 34
9 48 49
45 14 55
61 13 53
29 32 20
31 67 39
15 62 52
15 43 38
29 35 20
47 14 52
34 29 58
30 26 45
42 49 17
30 26 45
42 49 17
55 51 15
19 40 37
20 38 45
34 36 22
70 21 54
34 36 22
70 21 54
24 39 57
43 43 18
65 14 59
38 45 21
37 22 41
65 68 13
39 37 24
35 63 35
65 63 14
63 20 51
24 47 40
22 47 44
49 43 22
64 55 20
30 33 47
43 43 24
56 25 43
48 26 66
50 63 23
53 46 23
61 43 28
18 67 68
50 55 23
24 52 53
34 44 70
49 52 28
47 62 29
49 32 44
53 43 32
66 45 36
50 48 32
48 35 45
57 32 47
48 35 45
57 32 47
26 58 62
46 57 36
63 56 30
30 55 63
47 38 66
50 62 35
65 34 52
56 45 40
69 58 32
54 38 48
69 35 55
49 39 70
59 46 43
37 56 57
59 60 35
58 40 63
70 53 44
56 64 42
55 51 50
64 47 52
62 44 56
64 69 40
63 64 43
69 68 44
55 55 67
62 51 66
69 50 61
66 59 62
