36 57 22
2 57 58
54 28 27
21 21 41
36 35 2
36 57 22
2 57 58
54 28 27
21 21 41
36 35 2
36 57 22
2 57 58
54 28 27
21 21 41
36 35 2
36 57 22
2 57 58
54 28 27
21 21 41
36 35 2
36 57 22
2 57 58
54 28 27
21 21 41
36 35 2
8 10 12
23 8 20
15 15 27
33 27 8
25 34 12
27 18 16
28 16 42
11 24 27
28 16 42
11 24 27
34 15 24
5 68 67
49 30 21
39 10 37
34 35 11
56 12 65
55 22 35
18 25 32
66 53 15
64 45 22
20 32 24
11 61 54
38 15 33
11 45 46
36 18 31
25 24 40
66 13 58
47 16 40
55 37 22
16 55 45
34 30 22
39 19 47
21 32 37
26 27 41
69 12 68
27 33 43
46 20 51
49 66 24
49 26 35
32 63 37
39 28 36
36 30 55
37 32 60
18 64 56
41 45 25
70 50 27
59 45 25
52 46 22
33 32 39
63 36 36
63 25 49
58 65 20
51 61 23
58 65 20
51 61 23
21 53 62
50 27 42
54 70 24
45 26 54
69 48 29
55 23 68
23 61 54
22 58 58
33 68 45
39 35 60
42 52 33
58 49 29
63 54 28
70 46 36
44 41 44
69 29 57
69 24 65
52 68 33
49 70 35
44 39 47
56 33 52
28 66 61
44 50 41
56 55 31
44 50 41
56 55 31
45 69 41
55 45 38
58 37 47
30 65 59
68 46 40
41 66 50
59 67 35
52 41 68
69 35 62
60 47 49
54 64 42
47 67 48
59 65 40
45 68 56
66 58 44
46 56 64
48 58 66
65 48 59
69 48 67
70 62 64
