12 41 30
23 14 10
2 29 30
12 41 30
23 14 10
2 29 30
12 41 30
23 14 10
2 29 30
12 16 15
40 40 4
48 14 37
29 18 20
47 24 25
37 46 13
39 20 25
33 42 15
31 23 23
16 35 34
36 18 28
16 35 34
36 18 28
9 70 67
39 21 31
54 43 18
15 59 53
69 55 18
15 59 53
69 55 18
37 40 19
18 46 45
45 40 19
20 45 57
37 56 27
46 19 53
27 52 38
32 32 47
42 33 68
61 41 33
66 24 54
49 30 66
32 56 42
48 30 51
33 65 46
35 65 44
37 55 42
42 69 42
32 51 65
61 69 29
50 55 36
56 34 63
53 50 43
62 46 46
55 52 48
48 58 52
67 50 49
61 44 68
55 51 58
44 67 65
48 68 67
