8 13 8
13 8 20
12 14 8
5 42 43
56 53 5
38 30 11
21 25 13
23 14 24
20 38 22
14 38 29
25 28 51
13 41 33
23 26 17
30 17 43
13 53 43
33 15 29
24 29 19
57 45 15
33 63 32
18 33 34
54 48 13
38 30 21
43 30 23
20 37 41
24 40 31
41 26 62
31 37 25
18 43 48
17 63 53
37 57 27
19 45 50
43 31 69
39 37 28
61 17 68
46 22 49
37 51 28
42 41 26
48 40 26
64 17 62
22 54 49
65 22 54
21 54 59
69 53 25
54 24 48
39 59 32
35 39 64
23 67 56
38 33 46
29 44 52
51 66 27
46 29 52
53 46 29
52 39 35
45 58 31
23 68 63
24 68 62
44 36 47
34 47 61
41 63 40
66 27 60
35 51 56
50 48 44
52 66 38
61 58 36
59 36 67
57 42 53
62 45 48
39 59 62
64 67 36
48 50 60
43 66 56
70 61 44
70 49 55
47 61 66
51 66 59
